[2018-11-30 16:14:34.162] [exthost1] [info] extension host started
[2018-11-30 16:14:34.414] [exthost1] [info] extension host started
[2018-11-30 16:14:34.427] [exthost1] [info] ExtensionService#_doActivateExtension vscode.debug-auto-launch {"startup":true,"activationEvent":"*"}
[2018-11-30 16:14:34.427] [exthost1] [info] ExtensionService#loadCommonJSModule /home/del/.codemix/engine/resources/app/extensions/debug-auto-launch/out/extension
[2018-11-30 16:14:34.432] [exthost1] [info] ExtensionService#_doActivateExtension vscode.emmet {"startup":true,"activationEvent":"*"}
[2018-11-30 16:14:34.432] [exthost1] [info] ExtensionService#loadCommonJSModule /home/del/.codemix/engine/resources/app/extensions/emmet/dist/extension
[2018-11-30 16:14:34.459] [exthost1] [info] ExtensionService#_doActivateExtension vscode.merge-conflict {"startup":true,"activationEvent":"*"}
[2018-11-30 16:14:34.459] [exthost1] [info] ExtensionService#loadCommonJSModule /home/del/.codemix/engine/resources/app/extensions/merge-conflict/out/extension
[2018-11-30 16:14:34.466] [exthost1] [info] ExtensionService#_doActivateExtension vscode.search-rg {"startup":true,"activationEvent":"*"}
[2018-11-30 16:14:34.466] [exthost1] [info] ExtensionService#loadCommonJSModule /home/del/.codemix/engine/resources/app/extensions/search-rg/out/extension
[2018-11-30 16:14:34.472] [exthost1] [info] ExtensionService#_doActivateExtension christian-kohler.path-intellisense {"startup":true,"activationEvent":"*"}
[2018-11-30 16:14:34.472] [exthost1] [info] ExtensionService#loadCommonJSModule /home/del/.codemix/extensions/christian-kohler.path-intellisense-1.4.2/out/src/extension
[2018-11-30 16:14:34.479] [exthost1] [info] ExtensionService#_doActivateExtension vscode.configuration-editing {"startup":false,"activationEvent":"onLanguage:jsonc"}
[2018-11-30 16:14:34.479] [exthost1] [info] ExtensionService#loadCommonJSModule /home/del/.codemix/engine/resources/app/extensions/configuration-editing/out/extension
[2018-11-30 16:14:34.485] [exthost1] [info] ExtensionService#_doActivateExtension vscode.json-language-features {"startup":false,"activationEvent":"onLanguage:jsonc"}
[2018-11-30 16:14:34.485] [exthost1] [info] ExtensionService#loadCommonJSModule /home/del/.codemix/engine/resources/app/extensions/json-language-features/client/dist/jsonMain
[2018-11-30 16:14:34.554] [exthost1] [info] ExtensionService#_doActivateExtension vscode.typescript-language-features {"startup":false,"activationEvent":"onLanguage:jsonc"}
[2018-11-30 16:14:34.554] [exthost1] [info] ExtensionService#loadCommonJSModule /home/del/.codemix/engine/resources/app/extensions/typescript-language-features/dist/extension
[2018-11-30 16:14:34.621] [exthost1] [info] ExtensionService#_doActivateExtension vscode.grunt {"startup":false,"activationEvent":"onCommand:workbench.action.tasks.runTask"}
[2018-11-30 16:14:34.621] [exthost1] [info] ExtensionService#loadCommonJSModule /home/del/.codemix/engine/resources/app/extensions/grunt/out/main
[2018-11-30 16:14:34.624] [exthost1] [info] ExtensionService#_doActivateExtension vscode.gulp {"startup":false,"activationEvent":"onCommand:workbench.action.tasks.runTask"}
[2018-11-30 16:14:34.624] [exthost1] [info] ExtensionService#loadCommonJSModule /home/del/.codemix/engine/resources/app/extensions/gulp/out/main
[2018-11-30 16:14:34.626] [exthost1] [info] ExtensionService#_doActivateExtension vscode.jake {"startup":false,"activationEvent":"onCommand:workbench.action.tasks.runTask"}
[2018-11-30 16:14:34.626] [exthost1] [info] ExtensionService#loadCommonJSModule /home/del/.codemix/engine/resources/app/extensions/jake/out/main
[2018-11-30 16:14:34.629] [exthost1] [info] ExtensionService#_doActivateExtension vscode.npm {"startup":false,"activationEvent":"onCommand:workbench.action.tasks.runTask"}
[2018-11-30 16:14:34.629] [exthost1] [info] ExtensionService#loadCommonJSModule /home/del/.codemix/engine/resources/app/extensions/npm/out/main
[2018-11-30 16:14:34.698] [exthost1] [info] eager extensions activated
