[2018-11-28 18:47:21.260] [exthost1] [info] extension host started
[2018-11-28 18:47:21.557] [exthost1] [info] extension host started
[2018-11-28 18:47:21.572] [exthost1] [info] ExtensionService#_doActivateExtension vscode.debug-auto-launch {"startup":true,"activationEvent":"*"}
[2018-11-28 18:47:21.572] [exthost1] [info] ExtensionService#loadCommonJSModule /home/del/.codemix/engine/resources/app/extensions/debug-auto-launch/out/extension
[2018-11-28 18:47:21.577] [exthost1] [info] ExtensionService#_doActivateExtension vscode.emmet {"startup":true,"activationEvent":"*"}
[2018-11-28 18:47:21.577] [exthost1] [info] ExtensionService#loadCommonJSModule /home/del/.codemix/engine/resources/app/extensions/emmet/dist/extension
[2018-11-28 18:47:21.607] [exthost1] [info] ExtensionService#_doActivateExtension vscode.merge-conflict {"startup":true,"activationEvent":"*"}
[2018-11-28 18:47:21.607] [exthost1] [info] ExtensionService#loadCommonJSModule /home/del/.codemix/engine/resources/app/extensions/merge-conflict/out/extension
[2018-11-28 18:47:21.615] [exthost1] [info] ExtensionService#_doActivateExtension vscode.search-rg {"startup":true,"activationEvent":"*"}
[2018-11-28 18:47:21.615] [exthost1] [info] ExtensionService#loadCommonJSModule /home/del/.codemix/engine/resources/app/extensions/search-rg/out/extension
[2018-11-28 18:47:21.621] [exthost1] [info] ExtensionService#_doActivateExtension christian-kohler.path-intellisense {"startup":true,"activationEvent":"*"}
[2018-11-28 18:47:21.621] [exthost1] [info] ExtensionService#loadCommonJSModule /home/del/.codemix/extensions/christian-kohler.path-intellisense-1.4.2/out/src/extension
[2018-11-28 18:47:21.629] [exthost1] [info] ExtensionService#_doActivateExtension vscode.configuration-editing {"startup":false,"activationEvent":"onLanguage:jsonc"}
[2018-11-28 18:47:21.629] [exthost1] [info] ExtensionService#loadCommonJSModule /home/del/.codemix/engine/resources/app/extensions/configuration-editing/out/extension
[2018-11-28 18:47:21.720] [exthost1] [info] ExtensionService#_doActivateExtension vscode.json-language-features {"startup":false,"activationEvent":"onLanguage:jsonc"}
[2018-11-28 18:47:21.720] [exthost1] [info] ExtensionService#loadCommonJSModule /home/del/.codemix/engine/resources/app/extensions/json-language-features/client/dist/jsonMain
[2018-11-28 18:47:22.165] [exthost1] [info] ExtensionService#_doActivateExtension vscode.typescript-language-features {"startup":false,"activationEvent":"onLanguage:jsonc"}
[2018-11-28 18:47:22.165] [exthost1] [info] ExtensionService#loadCommonJSModule /home/del/.codemix/engine/resources/app/extensions/typescript-language-features/dist/extension
[2018-11-28 18:47:22.730] [exthost1] [info] ExtensionService#_doActivateExtension vscode.grunt {"startup":false,"activationEvent":"onCommand:workbench.action.tasks.runTask"}
[2018-11-28 18:47:22.730] [exthost1] [info] ExtensionService#loadCommonJSModule /home/del/.codemix/engine/resources/app/extensions/grunt/out/main
[2018-11-28 18:47:22.771] [exthost1] [info] ExtensionService#_doActivateExtension vscode.gulp {"startup":false,"activationEvent":"onCommand:workbench.action.tasks.runTask"}
[2018-11-28 18:47:22.771] [exthost1] [info] ExtensionService#loadCommonJSModule /home/del/.codemix/engine/resources/app/extensions/gulp/out/main
[2018-11-28 18:47:22.775] [exthost1] [info] ExtensionService#_doActivateExtension vscode.jake {"startup":false,"activationEvent":"onCommand:workbench.action.tasks.runTask"}
[2018-11-28 18:47:22.775] [exthost1] [info] ExtensionService#loadCommonJSModule /home/del/.codemix/engine/resources/app/extensions/jake/out/main
[2018-11-28 18:47:22.779] [exthost1] [info] ExtensionService#_doActivateExtension vscode.npm {"startup":false,"activationEvent":"onCommand:workbench.action.tasks.runTask"}
[2018-11-28 18:47:22.779] [exthost1] [info] ExtensionService#loadCommonJSModule /home/del/.codemix/engine/resources/app/extensions/npm/out/main
[2018-11-28 18:47:22.900] [exthost1] [info] eager extensions activated
