[2018-11-28 18:47:21.857] [sharedprocess] [info] main {"machineId":"b1faf33c878f4fa698918cd77d097c22752dc3b1f07079bfb9579c9220d562de"}
[2018-11-28 18:47:21.958] [sharedprocess] [info] Scanned user extensions: 6
[2018-11-28 18:47:21.976] [sharedprocess] [info] Scanned user extensions: 6
[2018-11-28 18:47:21.979] [sharedprocess] [info] Scanned user extensions: 6
[2018-11-28 18:47:22.018] [sharedprocess] [info] Scanned user extensions: 6
[2018-11-28 18:47:22.038] [sharedprocess] [info] Scanned user extensions: 6
[2018-11-28 18:47:22.589] [sharedprocess] [info] Scanned system extensions: 72
[2018-11-28 18:47:22.589] [sharedprocess] [info] Scanned system extensions: 72
[2018-11-28 18:47:22.592] [sharedprocess] [info] Scanned system extensions: 72
[2018-11-28 18:47:22.594] [sharedprocess] [info] Scanned system extensions: 72
[2018-11-28 18:47:23.477] [sharedprocess] [info] Scanned user extensions: 6
[2018-11-28 18:48:01.859] [sharedprocess] [info] Starting to clean up unused language packs.
[2018-11-28 18:52:23.521] [sharedprocess] [info] Scanned user extensions: 6
[2018-11-28 18:57:23.534] [sharedprocess] [info] Scanned user extensions: 6
[2018-11-28 19:02:23.549] [sharedprocess] [info] Scanned user extensions: 6
[2018-11-28 19:07:23.564] [sharedprocess] [info] Scanned user extensions: 6
[2018-11-28 19:12:23.573] [sharedprocess] [info] Scanned user extensions: 6
[2018-11-28 19:17:23.589] [sharedprocess] [info] Scanned user extensions: 6
[2018-11-28 19:22:23.604] [sharedprocess] [info] Scanned user extensions: 6
[2018-11-28 19:27:23.616] [sharedprocess] [info] Scanned user extensions: 6
[2018-11-28 19:32:23.633] [sharedprocess] [info] Scanned user extensions: 6
[2018-11-28 19:37:23.644] [sharedprocess] [info] Scanned user extensions: 6
[2018-11-28 19:42:23.656] [sharedprocess] [info] Scanned user extensions: 6
[2018-11-28 19:47:23.671] [sharedprocess] [info] Scanned user extensions: 6
[2018-11-28 19:52:23.688] [sharedprocess] [info] Scanned user extensions: 6
[2018-11-28 19:57:23.700] [sharedprocess] [info] Scanned user extensions: 6
[2018-11-28 20:02:23.717] [sharedprocess] [info] Scanned user extensions: 6
[2018-11-28 20:07:23.729] [sharedprocess] [info] Scanned user extensions: 6
[2018-11-28 20:12:23.746] [sharedprocess] [info] Scanned user extensions: 6
[2018-11-28 20:17:23.754] [sharedprocess] [info] Scanned user extensions: 6
[2018-11-28 20:22:23.769] [sharedprocess] [info] Scanned user extensions: 6
[2018-11-28 20:27:23.784] [sharedprocess] [info] Scanned user extensions: 6
[2018-11-28 20:32:23.792] [sharedprocess] [info] Scanned user extensions: 6
[2018-11-28 20:37:23.799] [sharedprocess] [info] Scanned user extensions: 6
[2018-11-28 20:42:23.806] [sharedprocess] [info] Scanned user extensions: 6
[2018-11-28 20:47:23.814] [sharedprocess] [info] Scanned user extensions: 6
[2018-11-28 20:52:23.827] [sharedprocess] [info] Scanned user extensions: 6
[2018-11-28 20:57:23.840] [sharedprocess] [info] Scanned user extensions: 6
[2018-11-28 21:02:23.856] [sharedprocess] [info] Scanned user extensions: 6
[2018-11-28 21:07:23.872] [sharedprocess] [info] Scanned user extensions: 6
[2018-11-28 21:12:23.884] [sharedprocess] [info] Scanned user extensions: 6
[2018-11-28 21:17:23.898] [sharedprocess] [info] Scanned user extensions: 6
[2018-11-28 21:22:23.912] [sharedprocess] [info] Scanned user extensions: 6
[2018-11-28 21:27:23.928] [sharedprocess] [info] Scanned user extensions: 6
[2018-11-28 21:32:23.941] [sharedprocess] [info] Scanned user extensions: 6
[2018-11-28 21:37:23.954] [sharedprocess] [info] Scanned user extensions: 6
[2018-11-28 21:42:23.969] [sharedprocess] [info] Scanned user extensions: 6
[2018-11-28 21:47:23.985] [sharedprocess] [info] Scanned user extensions: 6
[2018-11-28 21:52:24.000] [sharedprocess] [info] Scanned user extensions: 6
[2018-11-28 21:57:24.012] [sharedprocess] [info] Scanned user extensions: 6
[2018-11-28 22:02:24.025] [sharedprocess] [info] Scanned user extensions: 6
[2018-11-28 22:07:24.040] [sharedprocess] [info] Scanned user extensions: 6
[2018-11-28 22:12:24.056] [sharedprocess] [info] Scanned user extensions: 6
[2018-11-28 22:17:24.066] [sharedprocess] [info] Scanned user extensions: 6
[2018-11-28 22:22:24.081] [sharedprocess] [info] Scanned user extensions: 6
[2018-11-28 22:27:24.097] [sharedprocess] [info] Scanned user extensions: 6
[2018-11-28 22:32:24.111] [sharedprocess] [info] Scanned user extensions: 6
[2018-11-28 22:37:24.127] [sharedprocess] [info] Scanned user extensions: 6
[2018-11-28 22:42:24.140] [sharedprocess] [info] Scanned user extensions: 6
[2018-11-28 22:47:24.155] [sharedprocess] [info] Scanned user extensions: 6
[2018-11-28 22:52:24.169] [sharedprocess] [info] Scanned user extensions: 6
[2018-11-28 22:57:24.178] [sharedprocess] [info] Scanned user extensions: 6
[2018-11-28 23:02:24.191] [sharedprocess] [info] Scanned user extensions: 6
[2018-11-28 23:07:24.205] [sharedprocess] [info] Scanned user extensions: 6
[2018-11-28 23:12:24.220] [sharedprocess] [info] Scanned user extensions: 6
[2018-11-28 23:17:24.229] [sharedprocess] [info] Scanned user extensions: 6
[2018-11-28 23:22:24.245] [sharedprocess] [info] Scanned user extensions: 6
[2018-11-28 23:27:24.258] [sharedprocess] [info] Scanned user extensions: 6
[2018-11-28 23:32:24.276] [sharedprocess] [info] Scanned user extensions: 6
[2018-11-28 23:37:24.290] [sharedprocess] [info] Scanned user extensions: 6
[2018-11-28 23:42:24.308] [sharedprocess] [info] Scanned user extensions: 6
[2018-11-28 23:47:24.319] [sharedprocess] [info] Scanned user extensions: 6
[2018-11-28 23:52:24.336] [sharedprocess] [info] Scanned user extensions: 6
[2018-11-28 23:57:24.348] [sharedprocess] [info] Scanned user extensions: 6
[2018-11-29 00:02:24.363] [sharedprocess] [info] Scanned user extensions: 6
[2018-11-29 00:07:24.378] [sharedprocess] [info] Scanned user extensions: 6
[2018-11-29 00:12:24.389] [sharedprocess] [info] Scanned user extensions: 6
[2018-11-29 00:17:24.408] [sharedprocess] [info] Scanned user extensions: 6
[2018-11-29 00:22:24.421] [sharedprocess] [info] Scanned user extensions: 6
[2018-11-29 00:27:24.436] [sharedprocess] [info] Scanned user extensions: 6
[2018-11-29 00:32:24.447] [sharedprocess] [info] Scanned user extensions: 6
[2018-11-29 00:37:24.463] [sharedprocess] [info] Scanned user extensions: 6
[2018-11-29 00:42:24.479] [sharedprocess] [info] Scanned user extensions: 6
[2018-11-29 00:47:24.493] [sharedprocess] [info] Scanned user extensions: 6
[2018-11-29 00:52:24.508] [sharedprocess] [info] Scanned user extensions: 6
[2018-11-29 00:57:24.524] [sharedprocess] [info] Scanned user extensions: 6
[2018-11-29 01:02:24.538] [sharedprocess] [info] Scanned user extensions: 6
[2018-11-29 01:07:24.556] [sharedprocess] [info] Scanned user extensions: 6
[2018-11-29 01:12:24.567] [sharedprocess] [info] Scanned user extensions: 6
[2018-11-29 01:17:24.580] [sharedprocess] [info] Scanned user extensions: 6
[2018-11-29 01:22:24.597] [sharedprocess] [info] Scanned user extensions: 6
[2018-11-29 01:27:24.608] [sharedprocess] [info] Scanned user extensions: 6
[2018-11-29 01:32:24.622] [sharedprocess] [info] Scanned user extensions: 6
[2018-11-29 01:37:24.639] [sharedprocess] [info] Scanned user extensions: 6
[2018-11-29 01:42:24.656] [sharedprocess] [info] Scanned user extensions: 6
[2018-11-29 01:47:24.671] [sharedprocess] [info] Scanned user extensions: 6
[2018-11-29 01:52:24.687] [sharedprocess] [info] Scanned user extensions: 6
[2018-11-29 01:57:24.701] [sharedprocess] [info] Scanned user extensions: 6
[2018-11-29 02:02:24.712] [sharedprocess] [info] Scanned user extensions: 6
[2018-11-29 02:07:24.731] [sharedprocess] [info] Scanned user extensions: 6
[2018-11-29 02:12:24.743] [sharedprocess] [info] Scanned user extensions: 6
[2018-11-29 02:17:24.755] [sharedprocess] [info] Scanned user extensions: 6
[2018-11-29 02:22:24.769] [sharedprocess] [info] Scanned user extensions: 6
[2018-11-29 02:27:24.783] [sharedprocess] [info] Scanned user extensions: 6
[2018-11-29 02:32:24.792] [sharedprocess] [info] Scanned user extensions: 6
[2018-11-29 02:37:24.801] [sharedprocess] [info] Scanned user extensions: 6
[2018-11-29 02:42:24.808] [sharedprocess] [info] Scanned user extensions: 6
[2018-11-29 02:47:24.818] [sharedprocess] [info] Scanned user extensions: 6
[2018-11-29 02:52:24.826] [sharedprocess] [info] Scanned user extensions: 6
[2018-11-29 02:57:24.836] [sharedprocess] [info] Scanned user extensions: 6
[2018-11-29 03:02:24.843] [sharedprocess] [info] Scanned user extensions: 6
[2018-11-29 03:07:24.851] [sharedprocess] [info] Scanned user extensions: 6
[2018-11-29 03:12:24.861] [sharedprocess] [info] Scanned user extensions: 6
[2018-11-29 03:17:24.869] [sharedprocess] [info] Scanned user extensions: 6
[2018-11-29 03:22:24.882] [sharedprocess] [info] Scanned user extensions: 6
[2018-11-29 03:27:24.898] [sharedprocess] [info] Scanned user extensions: 6
[2018-11-29 03:32:24.912] [sharedprocess] [info] Scanned user extensions: 6
[2018-11-29 03:37:24.927] [sharedprocess] [info] Scanned user extensions: 6
[2018-11-29 03:42:24.943] [sharedprocess] [info] Scanned user extensions: 6
[2018-11-29 03:47:24.959] [sharedprocess] [info] Scanned user extensions: 6
[2018-11-29 03:52:24.973] [sharedprocess] [info] Scanned user extensions: 6
[2018-11-29 03:57:24.988] [sharedprocess] [info] Scanned user extensions: 6
[2018-11-29 04:02:25.002] [sharedprocess] [info] Scanned user extensions: 6
[2018-11-29 04:07:25.017] [sharedprocess] [info] Scanned user extensions: 6
[2018-11-29 04:12:25.031] [sharedprocess] [info] Scanned user extensions: 6
[2018-11-29 04:17:25.047] [sharedprocess] [info] Scanned user extensions: 6
[2018-11-29 04:22:25.061] [sharedprocess] [info] Scanned user extensions: 6
[2018-11-29 04:27:25.073] [sharedprocess] [info] Scanned user extensions: 6
[2018-11-29 04:32:25.087] [sharedprocess] [info] Scanned user extensions: 6
[2018-11-29 04:37:25.100] [sharedprocess] [info] Scanned user extensions: 6
[2018-11-29 04:42:25.114] [sharedprocess] [info] Scanned user extensions: 6
[2018-11-29 04:47:25.130] [sharedprocess] [info] Scanned user extensions: 6
[2018-11-29 04:52:25.146] [sharedprocess] [info] Scanned user extensions: 6
[2018-11-29 04:57:25.162] [sharedprocess] [info] Scanned user extensions: 6
[2018-11-29 05:02:25.177] [sharedprocess] [info] Scanned user extensions: 6
[2018-11-29 05:07:25.191] [sharedprocess] [info] Scanned user extensions: 6
[2018-11-29 05:12:25.210] [sharedprocess] [info] Scanned user extensions: 6
[2018-11-29 05:17:25.221] [sharedprocess] [info] Scanned user extensions: 6
[2018-11-29 05:22:25.235] [sharedprocess] [info] Scanned user extensions: 6
[2018-11-29 05:27:25.251] [sharedprocess] [info] Scanned user extensions: 6
[2018-11-29 05:32:25.264] [sharedprocess] [info] Scanned user extensions: 6
[2018-11-29 05:37:25.277] [sharedprocess] [info] Scanned user extensions: 6
[2018-11-29 05:42:25.293] [sharedprocess] [info] Scanned user extensions: 6
[2018-11-29 05:47:25.305] [sharedprocess] [info] Scanned user extensions: 6
[2018-11-29 05:52:25.318] [sharedprocess] [info] Scanned user extensions: 6
[2018-11-29 05:57:25.334] [sharedprocess] [info] Scanned user extensions: 6
[2018-11-29 06:02:25.350] [sharedprocess] [info] Scanned user extensions: 6
[2018-11-29 06:07:25.360] [sharedprocess] [info] Scanned user extensions: 6
[2018-11-29 06:12:25.378] [sharedprocess] [info] Scanned user extensions: 6
[2018-11-29 06:17:25.394] [sharedprocess] [info] Scanned user extensions: 6
[2018-11-29 06:22:25.402] [sharedprocess] [info] Scanned user extensions: 6
[2018-11-29 06:27:25.416] [sharedprocess] [info] Scanned user extensions: 6
[2018-11-29 06:32:25.429] [sharedprocess] [info] Scanned user extensions: 6
[2018-11-29 06:37:25.442] [sharedprocess] [info] Scanned user extensions: 6
[2018-11-29 06:42:25.456] [sharedprocess] [info] Scanned user extensions: 6
[2018-11-29 06:47:25.471] [sharedprocess] [info] Scanned user extensions: 6
[2018-11-29 06:52:25.485] [sharedprocess] [info] Scanned user extensions: 6
[2018-11-29 06:57:25.498] [sharedprocess] [info] Scanned user extensions: 6
[2018-11-29 07:02:25.516] [sharedprocess] [info] Scanned user extensions: 6
[2018-11-29 07:07:25.530] [sharedprocess] [info] Scanned user extensions: 6
[2018-11-29 07:12:25.544] [sharedprocess] [info] Scanned user extensions: 6
[2018-11-29 07:17:25.556] [sharedprocess] [info] Scanned user extensions: 6
[2018-11-29 07:22:25.573] [sharedprocess] [info] Scanned user extensions: 6
[2018-11-29 07:27:25.587] [sharedprocess] [info] Scanned user extensions: 6
[2018-11-29 07:32:25.601] [sharedprocess] [info] Scanned user extensions: 6
[2018-11-29 07:37:25.612] [sharedprocess] [info] Scanned user extensions: 6
[2018-11-29 07:42:25.627] [sharedprocess] [info] Scanned user extensions: 6
[2018-11-29 07:47:25.642] [sharedprocess] [info] Scanned user extensions: 6
[2018-11-29 07:52:25.658] [sharedprocess] [info] Scanned user extensions: 6
[2018-11-29 07:57:25.672] [sharedprocess] [info] Scanned user extensions: 6
[2018-11-29 08:02:25.685] [sharedprocess] [info] Scanned user extensions: 6
[2018-11-29 08:07:25.700] [sharedprocess] [info] Scanned user extensions: 6
[2018-11-29 08:12:25.713] [sharedprocess] [info] Scanned user extensions: 6
[2018-11-29 08:17:25.728] [sharedprocess] [info] Scanned user extensions: 6
[2018-11-29 08:22:25.740] [sharedprocess] [info] Scanned user extensions: 6
[2018-11-29 08:27:25.753] [sharedprocess] [info] Scanned user extensions: 6
[2018-11-29 08:32:25.763] [sharedprocess] [info] Scanned user extensions: 6
[2018-11-29 08:37:25.780] [sharedprocess] [info] Scanned user extensions: 6
[2018-11-29 08:42:25.790] [sharedprocess] [info] Scanned user extensions: 6
[2018-11-29 08:47:25.804] [sharedprocess] [info] Scanned user extensions: 6
[2018-11-29 08:52:25.820] [sharedprocess] [info] Scanned user extensions: 6
[2018-11-29 08:57:25.830] [sharedprocess] [info] Scanned user extensions: 6
[2018-11-29 09:02:25.841] [sharedprocess] [info] Scanned user extensions: 6
[2018-11-29 09:07:25.853] [sharedprocess] [info] Scanned user extensions: 6
[2018-11-29 09:12:25.865] [sharedprocess] [info] Scanned user extensions: 6
[2018-11-29 09:17:25.875] [sharedprocess] [info] Scanned user extensions: 6
[2018-11-29 09:22:25.888] [sharedprocess] [info] Scanned user extensions: 6
[2018-11-29 09:27:25.905] [sharedprocess] [info] Scanned user extensions: 6
[2018-11-29 09:32:25.919] [sharedprocess] [info] Scanned user extensions: 6
[2018-11-29 09:37:25.933] [sharedprocess] [info] Scanned user extensions: 6
[2018-11-29 09:42:25.948] [sharedprocess] [info] Scanned user extensions: 6
[2018-11-29 09:47:25.963] [sharedprocess] [info] Scanned user extensions: 6
[2018-11-29 09:52:25.975] [sharedprocess] [info] Scanned user extensions: 6
[2018-11-29 09:57:25.988] [sharedprocess] [info] Scanned user extensions: 6
[2018-11-29 10:02:26.002] [sharedprocess] [info] Scanned user extensions: 6
[2018-11-29 10:07:26.017] [sharedprocess] [info] Scanned user extensions: 6
[2018-11-29 10:12:26.026] [sharedprocess] [info] Scanned user extensions: 6
[2018-11-29 10:17:26.037] [sharedprocess] [info] Scanned user extensions: 6
[2018-11-29 10:22:26.052] [sharedprocess] [info] Scanned user extensions: 6
[2018-11-29 10:27:26.067] [sharedprocess] [info] Scanned user extensions: 6
[2018-11-29 10:32:26.077] [sharedprocess] [info] Scanned user extensions: 6
[2018-11-29 10:37:26.090] [sharedprocess] [info] Scanned user extensions: 6
[2018-11-29 10:42:26.107] [sharedprocess] [info] Scanned user extensions: 6
[2018-11-29 10:47:26.117] [sharedprocess] [info] Scanned user extensions: 6
[2018-11-29 10:52:26.134] [sharedprocess] [info] Scanned user extensions: 6
[2018-11-29 10:57:26.149] [sharedprocess] [info] Scanned user extensions: 6
[2018-11-29 11:02:26.161] [sharedprocess] [info] Scanned user extensions: 6
[2018-11-29 11:07:26.176] [sharedprocess] [info] Scanned user extensions: 6
[2018-11-29 11:12:26.189] [sharedprocess] [info] Scanned user extensions: 6
[2018-11-29 11:17:26.201] [sharedprocess] [info] Scanned user extensions: 6
[2018-11-29 11:22:26.213] [sharedprocess] [info] Scanned user extensions: 6
[2018-11-29 11:27:26.225] [sharedprocess] [info] Scanned user extensions: 6
[2018-11-29 11:32:26.243] [sharedprocess] [info] Scanned user extensions: 6
[2018-11-29 11:37:26.256] [sharedprocess] [info] Scanned user extensions: 6
[2018-11-29 11:42:26.268] [sharedprocess] [info] Scanned user extensions: 6
[2018-11-29 11:47:26.284] [sharedprocess] [info] Scanned user extensions: 6
[2018-11-29 11:52:26.298] [sharedprocess] [info] Scanned user extensions: 6
[2018-11-29 11:57:26.314] [sharedprocess] [info] Scanned user extensions: 6
[2018-11-29 12:02:26.328] [sharedprocess] [info] Scanned user extensions: 6
[2018-11-29 12:07:26.339] [sharedprocess] [info] Scanned user extensions: 6
[2018-11-29 12:12:26.350] [sharedprocess] [info] Scanned user extensions: 6
[2018-11-29 12:17:26.365] [sharedprocess] [info] Scanned user extensions: 6
[2018-11-29 12:22:26.376] [sharedprocess] [info] Scanned user extensions: 6
[2018-11-29 12:27:26.390] [sharedprocess] [info] Scanned user extensions: 6
[2018-11-29 12:32:26.409] [sharedprocess] [info] Scanned user extensions: 6
[2018-11-29 12:37:26.424] [sharedprocess] [info] Scanned user extensions: 6
[2018-11-29 12:42:26.436] [sharedprocess] [info] Scanned user extensions: 6
[2018-11-29 12:47:26.449] [sharedprocess] [info] Scanned user extensions: 6
[2018-11-29 12:52:26.474] [sharedprocess] [info] Scanned user extensions: 6
[2018-11-29 12:57:26.488] [sharedprocess] [info] Scanned user extensions: 6
[2018-11-29 13:02:26.498] [sharedprocess] [info] Scanned user extensions: 6
[2018-11-29 13:07:26.507] [sharedprocess] [info] Scanned user extensions: 6
[2018-11-29 13:12:26.520] [sharedprocess] [info] Scanned user extensions: 6
[2018-11-29 13:17:26.536] [sharedprocess] [info] Scanned user extensions: 6
[2018-11-29 13:22:26.551] [sharedprocess] [info] Scanned user extensions: 6
[2018-11-29 13:27:26.562] [sharedprocess] [info] Scanned user extensions: 6
[2018-11-29 13:32:26.580] [sharedprocess] [info] Scanned user extensions: 6
[2018-11-29 13:37:26.591] [sharedprocess] [info] Scanned user extensions: 6
[2018-11-29 13:42:26.600] [sharedprocess] [info] Scanned user extensions: 6
[2018-11-29 13:47:26.611] [sharedprocess] [info] Scanned user extensions: 6
[2018-11-29 13:52:26.626] [sharedprocess] [info] Scanned user extensions: 6
[2018-11-29 13:57:26.640] [sharedprocess] [info] Scanned user extensions: 6
[2018-11-29 14:02:26.648] [sharedprocess] [info] Scanned user extensions: 6
[2018-11-29 14:07:26.661] [sharedprocess] [info] Scanned user extensions: 6
[2018-11-29 14:12:26.673] [sharedprocess] [info] Scanned user extensions: 6
[2018-11-29 14:17:26.687] [sharedprocess] [info] Scanned user extensions: 6
[2018-11-29 14:22:26.698] [sharedprocess] [info] Scanned user extensions: 6
[2018-11-29 14:27:26.705] [sharedprocess] [info] Scanned user extensions: 6
[2018-11-29 14:32:26.714] [sharedprocess] [info] Scanned user extensions: 6
[2018-11-29 14:37:26.725] [sharedprocess] [info] Scanned user extensions: 6
[2018-11-29 14:42:26.739] [sharedprocess] [info] Scanned user extensions: 6
[2018-11-29 14:47:26.752] [sharedprocess] [info] Scanned user extensions: 6
[2018-11-29 14:52:26.768] [sharedprocess] [info] Scanned user extensions: 6
[2018-11-29 14:57:26.780] [sharedprocess] [info] Scanned user extensions: 6
[2018-11-29 15:02:26.791] [sharedprocess] [info] Scanned user extensions: 6
[2018-11-29 15:07:26.802] [sharedprocess] [info] Scanned user extensions: 6
[2018-11-29 15:12:26.817] [sharedprocess] [info] Scanned user extensions: 6
[2018-11-29 15:17:26.825] [sharedprocess] [info] Scanned user extensions: 6
[2018-11-29 15:22:26.834] [sharedprocess] [info] Scanned user extensions: 6
[2018-11-29 15:27:26.846] [sharedprocess] [info] Scanned user extensions: 6
[2018-11-29 15:32:26.859] [sharedprocess] [info] Scanned user extensions: 6
[2018-11-29 15:37:26.873] [sharedprocess] [info] Scanned user extensions: 6
[2018-11-29 15:42:26.885] [sharedprocess] [info] Scanned user extensions: 6
[2018-11-29 15:47:26.899] [sharedprocess] [info] Scanned user extensions: 6
[2018-11-29 15:52:26.906] [sharedprocess] [info] Scanned user extensions: 6
[2018-11-29 15:57:26.912] [sharedprocess] [info] Scanned user extensions: 6
[2018-11-29 16:02:26.919] [sharedprocess] [info] Scanned user extensions: 6
[2018-11-29 16:07:26.926] [sharedprocess] [info] Scanned user extensions: 6
[2018-11-29 16:12:26.934] [sharedprocess] [info] Scanned user extensions: 6
[2018-11-29 16:17:26.941] [sharedprocess] [info] Scanned user extensions: 6
[2018-11-29 16:22:26.948] [sharedprocess] [info] Scanned user extensions: 6
[2018-11-29 16:27:26.957] [sharedprocess] [info] Scanned user extensions: 6
[2018-11-29 16:32:26.965] [sharedprocess] [info] Scanned user extensions: 6
[2018-11-29 16:37:26.972] [sharedprocess] [info] Scanned user extensions: 6
[2018-11-29 16:42:26.979] [sharedprocess] [info] Scanned user extensions: 6
[2018-11-29 16:47:27.059] [sharedprocess] [info] Scanned user extensions: 6
[2018-11-29 16:52:27.072] [sharedprocess] [info] Scanned user extensions: 6
[2018-11-29 16:57:27.080] [sharedprocess] [info] Scanned user extensions: 6
[2018-11-29 17:02:27.094] [sharedprocess] [info] Scanned user extensions: 6
[2018-11-29 17:07:27.107] [sharedprocess] [info] Scanned user extensions: 6
[2018-11-29 17:12:27.119] [sharedprocess] [info] Scanned user extensions: 6
[2018-11-29 17:17:27.131] [sharedprocess] [info] Scanned user extensions: 6
[2018-11-29 17:22:27.138] [sharedprocess] [info] Scanned user extensions: 6
[2018-11-29 17:27:27.152] [sharedprocess] [info] Scanned user extensions: 6
[2018-11-29 17:32:27.164] [sharedprocess] [info] Scanned user extensions: 6
[2018-11-29 17:37:27.177] [sharedprocess] [info] Scanned user extensions: 6
[2018-11-29 17:42:27.192] [sharedprocess] [info] Scanned user extensions: 6
[2018-11-29 17:47:27.206] [sharedprocess] [info] Scanned user extensions: 6
[2018-11-29 17:52:27.218] [sharedprocess] [info] Scanned user extensions: 6
[2018-11-29 17:57:27.228] [sharedprocess] [info] Scanned user extensions: 6
[2018-11-29 18:02:27.240] [sharedprocess] [info] Scanned user extensions: 6
[2018-11-29 18:07:27.251] [sharedprocess] [info] Scanned user extensions: 6
[2018-11-29 18:12:27.262] [sharedprocess] [info] Scanned user extensions: 6
[2018-11-29 18:17:27.272] [sharedprocess] [info] Scanned user extensions: 6
[2018-11-29 18:22:27.284] [sharedprocess] [info] Scanned user extensions: 6
[2018-11-29 18:27:27.296] [sharedprocess] [info] Scanned user extensions: 6
[2018-11-29 18:32:27.304] [sharedprocess] [info] Scanned user extensions: 6
[2018-11-29 18:37:27.316] [sharedprocess] [info] Scanned user extensions: 6
[2018-11-29 18:42:27.329] [sharedprocess] [info] Scanned user extensions: 6
[2018-11-29 18:47:27.342] [sharedprocess] [info] Scanned user extensions: 6
[2018-11-29 18:52:27.351] [sharedprocess] [info] Scanned user extensions: 6
[2018-11-29 18:57:27.361] [sharedprocess] [info] Scanned user extensions: 6
[2018-11-29 19:02:27.373] [sharedprocess] [info] Scanned user extensions: 6
[2018-11-29 19:07:27.390] [sharedprocess] [info] Scanned user extensions: 6
[2018-11-29 19:12:27.400] [sharedprocess] [info] Scanned user extensions: 6
[2018-11-29 19:17:27.411] [sharedprocess] [info] Scanned user extensions: 6
[2018-11-29 19:22:27.424] [sharedprocess] [info] Scanned user extensions: 6
[2018-11-29 19:27:27.439] [sharedprocess] [info] Scanned user extensions: 6
[2018-11-29 19:32:27.453] [sharedprocess] [info] Scanned user extensions: 6
[2018-11-29 19:37:27.466] [sharedprocess] [info] Scanned user extensions: 6
[2018-11-29 19:42:27.483] [sharedprocess] [info] Scanned user extensions: 6
[2018-11-29 19:47:27.496] [sharedprocess] [info] Scanned user extensions: 6
[2018-11-29 19:52:27.509] [sharedprocess] [info] Scanned user extensions: 6
[2018-11-29 19:57:27.522] [sharedprocess] [info] Scanned user extensions: 6
[2018-11-29 20:02:27.533] [sharedprocess] [info] Scanned user extensions: 6
[2018-11-29 20:07:27.548] [sharedprocess] [info] Scanned user extensions: 6
[2018-11-29 20:12:27.560] [sharedprocess] [info] Scanned user extensions: 6
[2018-11-29 20:17:27.573] [sharedprocess] [info] Scanned user extensions: 6
[2018-11-29 20:22:27.582] [sharedprocess] [info] Scanned user extensions: 6
[2018-11-29 20:27:27.597] [sharedprocess] [info] Scanned user extensions: 6
[2018-11-29 20:32:27.610] [sharedprocess] [info] Scanned user extensions: 6
[2018-11-29 20:37:27.623] [sharedprocess] [info] Scanned user extensions: 6
[2018-11-29 20:42:27.636] [sharedprocess] [info] Scanned user extensions: 6
[2018-11-29 20:47:27.648] [sharedprocess] [info] Scanned user extensions: 6
[2018-11-29 20:52:27.662] [sharedprocess] [info] Scanned user extensions: 6
[2018-11-29 20:57:27.677] [sharedprocess] [info] Scanned user extensions: 6
[2018-11-29 21:02:27.691] [sharedprocess] [info] Scanned user extensions: 6
[2018-11-29 21:07:27.704] [sharedprocess] [info] Scanned user extensions: 6
[2018-11-29 21:12:27.717] [sharedprocess] [info] Scanned user extensions: 6
[2018-11-29 21:17:27.733] [sharedprocess] [info] Scanned user extensions: 6
[2018-11-29 21:22:27.747] [sharedprocess] [info] Scanned user extensions: 6
[2018-11-29 21:27:27.762] [sharedprocess] [info] Scanned user extensions: 6
[2018-11-29 21:32:27.776] [sharedprocess] [info] Scanned user extensions: 6
[2018-11-29 21:37:27.786] [sharedprocess] [info] Scanned user extensions: 6
[2018-11-29 21:42:27.793] [sharedprocess] [info] Scanned user extensions: 6
[2018-11-29 21:47:27.800] [sharedprocess] [info] Scanned user extensions: 6
[2018-11-29 21:52:27.810] [sharedprocess] [info] Scanned user extensions: 6
[2018-11-29 21:57:27.823] [sharedprocess] [info] Scanned user extensions: 6
[2018-11-29 22:02:27.839] [sharedprocess] [info] Scanned user extensions: 6
[2018-11-29 22:07:27.850] [sharedprocess] [info] Scanned user extensions: 6
[2018-11-29 22:12:27.871] [sharedprocess] [info] Scanned user extensions: 6
[2018-11-29 22:17:27.879] [sharedprocess] [info] Scanned user extensions: 6
[2018-11-29 22:22:27.892] [sharedprocess] [info] Scanned user extensions: 6
[2018-11-29 22:27:27.905] [sharedprocess] [info] Scanned user extensions: 6
[2018-11-29 22:32:27.919] [sharedprocess] [info] Scanned user extensions: 6
[2018-11-29 22:37:27.929] [sharedprocess] [info] Scanned user extensions: 6
[2018-11-29 22:42:27.944] [sharedprocess] [info] Scanned user extensions: 6
[2018-11-29 22:47:27.954] [sharedprocess] [info] Scanned user extensions: 6
[2018-11-29 22:52:27.969] [sharedprocess] [info] Scanned user extensions: 6
[2018-11-29 22:57:27.985] [sharedprocess] [info] Scanned user extensions: 6
[2018-11-29 23:02:27.996] [sharedprocess] [info] Scanned user extensions: 6
[2018-11-29 23:07:28.008] [sharedprocess] [info] Scanned user extensions: 6
[2018-11-29 23:12:28.021] [sharedprocess] [info] Scanned user extensions: 6
[2018-11-29 23:17:28.030] [sharedprocess] [info] Scanned user extensions: 6
[2018-11-29 23:22:28.041] [sharedprocess] [info] Scanned user extensions: 6
[2018-11-29 23:27:28.053] [sharedprocess] [info] Scanned user extensions: 6
[2018-11-29 23:32:28.067] [sharedprocess] [info] Scanned user extensions: 6
[2018-11-29 23:37:28.081] [sharedprocess] [info] Scanned user extensions: 6
[2018-11-29 23:42:28.093] [sharedprocess] [info] Scanned user extensions: 6
[2018-11-29 23:47:28.108] [sharedprocess] [info] Scanned user extensions: 6
[2018-11-29 23:52:28.123] [sharedprocess] [info] Scanned user extensions: 6
[2018-11-29 23:57:28.139] [sharedprocess] [info] Scanned user extensions: 6
[2018-11-30 00:02:28.154] [sharedprocess] [info] Scanned user extensions: 6
[2018-11-30 00:07:28.168] [sharedprocess] [info] Scanned user extensions: 6
[2018-11-30 00:12:28.184] [sharedprocess] [info] Scanned user extensions: 6
[2018-11-30 00:17:28.194] [sharedprocess] [info] Scanned user extensions: 6
[2018-11-30 00:22:28.206] [sharedprocess] [info] Scanned user extensions: 6
[2018-11-30 00:27:28.221] [sharedprocess] [info] Scanned user extensions: 6
[2018-11-30 00:32:28.236] [sharedprocess] [info] Scanned user extensions: 6
[2018-11-30 00:37:28.248] [sharedprocess] [info] Scanned user extensions: 6
[2018-11-30 00:42:28.261] [sharedprocess] [info] Scanned user extensions: 6
[2018-11-30 00:47:28.273] [sharedprocess] [info] Scanned user extensions: 6
[2018-11-30 00:52:28.286] [sharedprocess] [info] Scanned user extensions: 6
[2018-11-30 00:57:28.301] [sharedprocess] [info] Scanned user extensions: 6
[2018-11-30 01:02:28.310] [sharedprocess] [info] Scanned user extensions: 6
[2018-11-30 01:07:28.322] [sharedprocess] [info] Scanned user extensions: 6
[2018-11-30 01:12:28.336] [sharedprocess] [info] Scanned user extensions: 6
[2018-11-30 01:17:28.350] [sharedprocess] [info] Scanned user extensions: 6
[2018-11-30 01:22:28.361] [sharedprocess] [info] Scanned user extensions: 6
[2018-11-30 01:27:28.375] [sharedprocess] [info] Scanned user extensions: 6
[2018-11-30 01:32:28.389] [sharedprocess] [info] Scanned user extensions: 6
[2018-11-30 01:37:28.428] [sharedprocess] [info] Scanned user extensions: 6
[2018-11-30 01:42:28.444] [sharedprocess] [info] Scanned user extensions: 6
[2018-11-30 01:47:28.456] [sharedprocess] [info] Scanned user extensions: 6
[2018-11-30 01:52:28.469] [sharedprocess] [info] Scanned user extensions: 6
[2018-11-30 01:57:28.482] [sharedprocess] [info] Scanned user extensions: 6
[2018-11-30 02:02:28.496] [sharedprocess] [info] Scanned user extensions: 6
[2018-11-30 02:07:28.508] [sharedprocess] [info] Scanned user extensions: 6
[2018-11-30 02:12:28.522] [sharedprocess] [info] Scanned user extensions: 6
[2018-11-30 02:17:28.532] [sharedprocess] [info] Scanned user extensions: 6
[2018-11-30 02:22:28.544] [sharedprocess] [info] Scanned user extensions: 6
[2018-11-30 02:27:28.558] [sharedprocess] [info] Scanned user extensions: 6
[2018-11-30 02:32:28.570] [sharedprocess] [info] Scanned user extensions: 6
[2018-11-30 02:37:28.581] [sharedprocess] [info] Scanned user extensions: 6
[2018-11-30 02:42:28.594] [sharedprocess] [info] Scanned user extensions: 6
[2018-11-30 02:47:28.607] [sharedprocess] [info] Scanned user extensions: 6
[2018-11-30 02:52:28.619] [sharedprocess] [info] Scanned user extensions: 6
[2018-11-30 02:57:28.631] [sharedprocess] [info] Scanned user extensions: 6
[2018-11-30 03:02:28.644] [sharedprocess] [info] Scanned user extensions: 6
[2018-11-30 03:07:28.657] [sharedprocess] [info] Scanned user extensions: 6
[2018-11-30 03:12:28.688] [sharedprocess] [info] Scanned user extensions: 6
[2018-11-30 03:17:28.698] [sharedprocess] [info] Scanned user extensions: 6
[2018-11-30 03:22:28.711] [sharedprocess] [info] Scanned user extensions: 6
[2018-11-30 03:27:28.719] [sharedprocess] [info] Scanned user extensions: 6
[2018-11-30 03:32:28.730] [sharedprocess] [info] Scanned user extensions: 6
[2018-11-30 03:37:28.743] [sharedprocess] [info] Scanned user extensions: 6
[2018-11-30 03:42:28.757] [sharedprocess] [info] Scanned user extensions: 6
[2018-11-30 03:47:28.774] [sharedprocess] [info] Scanned user extensions: 6
[2018-11-30 03:52:28.784] [sharedprocess] [info] Scanned user extensions: 6
[2018-11-30 03:57:28.792] [sharedprocess] [info] Scanned user extensions: 6
[2018-11-30 04:02:28.806] [sharedprocess] [info] Scanned user extensions: 6
[2018-11-30 04:07:28.816] [sharedprocess] [info] Scanned user extensions: 6
[2018-11-30 04:12:28.826] [sharedprocess] [info] Scanned user extensions: 6
[2018-11-30 04:17:28.835] [sharedprocess] [info] Scanned user extensions: 6
[2018-11-30 04:22:28.850] [sharedprocess] [info] Scanned user extensions: 6
[2018-11-30 04:27:28.860] [sharedprocess] [info] Scanned user extensions: 6
[2018-11-30 04:32:28.875] [sharedprocess] [info] Scanned user extensions: 6
[2018-11-30 04:37:28.888] [sharedprocess] [info] Scanned user extensions: 6
[2018-11-30 04:42:28.898] [sharedprocess] [info] Scanned user extensions: 6
[2018-11-30 04:47:28.905] [sharedprocess] [info] Scanned user extensions: 6
[2018-11-30 04:52:28.917] [sharedprocess] [info] Scanned user extensions: 6
[2018-11-30 04:57:28.928] [sharedprocess] [info] Scanned user extensions: 6
[2018-11-30 05:02:28.942] [sharedprocess] [info] Scanned user extensions: 6
[2018-11-30 05:07:28.955] [sharedprocess] [info] Scanned user extensions: 6
[2018-11-30 05:12:28.969] [sharedprocess] [info] Scanned user extensions: 6
[2018-11-30 05:17:28.985] [sharedprocess] [info] Scanned user extensions: 6
[2018-11-30 05:22:28.999] [sharedprocess] [info] Scanned user extensions: 6
[2018-11-30 05:27:29.011] [sharedprocess] [info] Scanned user extensions: 6
[2018-11-30 05:32:29.027] [sharedprocess] [info] Scanned user extensions: 6
[2018-11-30 05:37:29.041] [sharedprocess] [info] Scanned user extensions: 6
[2018-11-30 05:42:29.051] [sharedprocess] [info] Scanned user extensions: 6
[2018-11-30 05:47:29.062] [sharedprocess] [info] Scanned user extensions: 6
[2018-11-30 05:52:29.077] [sharedprocess] [info] Scanned user extensions: 6
[2018-11-30 05:57:29.089] [sharedprocess] [info] Scanned user extensions: 6
[2018-11-30 06:02:29.101] [sharedprocess] [info] Scanned user extensions: 6
[2018-11-30 06:07:29.120] [sharedprocess] [info] Scanned user extensions: 6
[2018-11-30 06:12:29.132] [sharedprocess] [info] Scanned user extensions: 6
[2018-11-30 06:17:29.146] [sharedprocess] [info] Scanned user extensions: 6
[2018-11-30 06:22:29.159] [sharedprocess] [info] Scanned user extensions: 6
[2018-11-30 06:27:29.171] [sharedprocess] [info] Scanned user extensions: 6
[2018-11-30 06:32:29.183] [sharedprocess] [info] Scanned user extensions: 6
[2018-11-30 06:37:29.197] [sharedprocess] [info] Scanned user extensions: 6
[2018-11-30 06:42:29.208] [sharedprocess] [info] Scanned user extensions: 6
[2018-11-30 06:47:29.221] [sharedprocess] [info] Scanned user extensions: 6
[2018-11-30 06:52:29.238] [sharedprocess] [info] Scanned user extensions: 6
[2018-11-30 06:57:29.251] [sharedprocess] [info] Scanned user extensions: 6
[2018-11-30 07:02:29.261] [sharedprocess] [info] Scanned user extensions: 6
[2018-11-30 07:07:29.273] [sharedprocess] [info] Scanned user extensions: 6
[2018-11-30 07:12:29.285] [sharedprocess] [info] Scanned user extensions: 6
[2018-11-30 07:17:29.295] [sharedprocess] [info] Scanned user extensions: 6
[2018-11-30 07:22:29.306] [sharedprocess] [info] Scanned user extensions: 6
[2018-11-30 07:27:29.323] [sharedprocess] [info] Scanned user extensions: 6
[2018-11-30 07:32:29.338] [sharedprocess] [info] Scanned user extensions: 6
[2018-11-30 07:37:29.349] [sharedprocess] [info] Scanned user extensions: 6
[2018-11-30 07:42:29.361] [sharedprocess] [info] Scanned user extensions: 6
[2018-11-30 07:47:29.369] [sharedprocess] [info] Scanned user extensions: 6
[2018-11-30 07:52:29.384] [sharedprocess] [info] Scanned user extensions: 6
[2018-11-30 07:57:29.394] [sharedprocess] [info] Scanned user extensions: 6
[2018-11-30 08:02:29.406] [sharedprocess] [info] Scanned user extensions: 6
[2018-11-30 08:07:29.420] [sharedprocess] [info] Scanned user extensions: 6
[2018-11-30 08:12:29.436] [sharedprocess] [info] Scanned user extensions: 6
[2018-11-30 08:17:29.451] [sharedprocess] [info] Scanned user extensions: 6
[2018-11-30 08:22:29.466] [sharedprocess] [info] Scanned user extensions: 6
[2018-11-30 08:27:29.481] [sharedprocess] [info] Scanned user extensions: 6
[2018-11-30 08:32:29.494] [sharedprocess] [info] Scanned user extensions: 6
[2018-11-30 08:37:29.511] [sharedprocess] [info] Scanned user extensions: 6
[2018-11-30 08:42:29.527] [sharedprocess] [info] Scanned user extensions: 6
[2018-11-30 08:47:29.542] [sharedprocess] [info] Scanned user extensions: 6
[2018-11-30 08:52:29.553] [sharedprocess] [info] Scanned user extensions: 6
[2018-11-30 08:57:29.565] [sharedprocess] [info] Scanned user extensions: 6
[2018-11-30 09:02:29.577] [sharedprocess] [info] Scanned user extensions: 6
[2018-11-30 09:07:29.589] [sharedprocess] [info] Scanned user extensions: 6
[2018-11-30 09:12:29.603] [sharedprocess] [info] Scanned user extensions: 6
[2018-11-30 09:17:29.613] [sharedprocess] [info] Scanned user extensions: 6
[2018-11-30 09:22:29.628] [sharedprocess] [info] Scanned user extensions: 6
[2018-11-30 09:27:29.634] [sharedprocess] [info] Scanned user extensions: 6
[2018-11-30 09:32:29.648] [sharedprocess] [info] Scanned user extensions: 6
[2018-11-30 09:37:29.664] [sharedprocess] [info] Scanned user extensions: 6
[2018-11-30 09:42:29.674] [sharedprocess] [info] Scanned user extensions: 6
[2018-11-30 09:47:29.683] [sharedprocess] [info] Scanned user extensions: 6
[2018-11-30 09:52:29.697] [sharedprocess] [info] Scanned user extensions: 6
[2018-11-30 09:57:29.709] [sharedprocess] [info] Scanned user extensions: 6
[2018-11-30 10:02:29.721] [sharedprocess] [info] Scanned user extensions: 6
[2018-11-30 10:07:29.732] [sharedprocess] [info] Scanned user extensions: 6
[2018-11-30 10:12:29.747] [sharedprocess] [info] Scanned user extensions: 6
[2018-11-30 10:17:29.761] [sharedprocess] [info] Scanned user extensions: 6
[2018-11-30 10:22:29.771] [sharedprocess] [info] Scanned user extensions: 6
[2018-11-30 10:27:29.783] [sharedprocess] [info] Scanned user extensions: 6
[2018-11-30 10:32:29.791] [sharedprocess] [info] Scanned user extensions: 6
[2018-11-30 10:37:29.799] [sharedprocess] [info] Scanned user extensions: 6
[2018-11-30 10:42:29.809] [sharedprocess] [info] Scanned user extensions: 6
[2018-11-30 10:47:29.818] [sharedprocess] [info] Scanned user extensions: 6
[2018-11-30 10:52:29.828] [sharedprocess] [info] Scanned user extensions: 6
[2018-11-30 10:57:29.842] [sharedprocess] [info] Scanned user extensions: 6
[2018-11-30 11:02:29.852] [sharedprocess] [info] Scanned user extensions: 6
[2018-11-30 11:07:29.947] [sharedprocess] [info] Scanned user extensions: 6
[2018-11-30 11:12:29.961] [sharedprocess] [info] Scanned user extensions: 6
[2018-11-30 11:17:29.973] [sharedprocess] [info] Scanned user extensions: 6
[2018-11-30 11:22:29.985] [sharedprocess] [info] Scanned user extensions: 6
[2018-11-30 11:27:30.000] [sharedprocess] [info] Scanned user extensions: 6
[2018-11-30 11:32:30.013] [sharedprocess] [info] Scanned user extensions: 6
[2018-11-30 11:37:30.026] [sharedprocess] [info] Scanned user extensions: 6
[2018-11-30 11:42:30.044] [sharedprocess] [info] Scanned user extensions: 6
[2018-11-30 11:47:30.056] [sharedprocess] [info] Scanned user extensions: 6
[2018-11-30 11:52:30.069] [sharedprocess] [info] Scanned user extensions: 6
[2018-11-30 11:57:30.087] [sharedprocess] [info] Scanned user extensions: 6
[2018-11-30 12:02:30.101] [sharedprocess] [info] Scanned user extensions: 6
[2018-11-30 12:07:30.119] [sharedprocess] [info] Scanned user extensions: 6
[2018-11-30 12:12:30.127] [sharedprocess] [info] Scanned user extensions: 6
[2018-11-30 12:17:30.140] [sharedprocess] [info] Scanned user extensions: 6
[2018-11-30 12:22:30.146] [sharedprocess] [info] Scanned user extensions: 6
[2018-11-30 12:27:30.160] [sharedprocess] [info] Scanned user extensions: 6
[2018-11-30 12:32:30.188] [sharedprocess] [info] Scanned user extensions: 6
[2018-11-30 12:37:30.204] [sharedprocess] [info] Scanned user extensions: 6
[2018-11-30 12:42:30.218] [sharedprocess] [info] Scanned user extensions: 6
[2018-11-30 12:47:30.236] [sharedprocess] [info] Scanned user extensions: 6
[2018-11-30 12:52:30.252] [sharedprocess] [info] Scanned user extensions: 6
[2018-11-30 12:57:30.259] [sharedprocess] [info] Scanned user extensions: 6
[2018-11-30 13:02:30.275] [sharedprocess] [info] Scanned user extensions: 6
[2018-11-30 13:07:30.290] [sharedprocess] [info] Scanned user extensions: 6
[2018-11-30 13:12:30.307] [sharedprocess] [info] Scanned user extensions: 6
[2018-11-30 13:17:30.321] [sharedprocess] [info] Scanned user extensions: 6
[2018-11-30 13:22:30.337] [sharedprocess] [info] Scanned user extensions: 6
[2018-11-30 13:27:30.351] [sharedprocess] [info] Scanned user extensions: 6
[2018-11-30 13:32:30.363] [sharedprocess] [info] Scanned user extensions: 6
[2018-11-30 13:37:30.373] [sharedprocess] [info] Scanned user extensions: 6
[2018-11-30 13:42:30.391] [sharedprocess] [info] Scanned user extensions: 6
[2018-11-30 13:47:30.408] [sharedprocess] [info] Scanned user extensions: 6
[2018-11-30 13:52:30.421] [sharedprocess] [info] Scanned user extensions: 6
[2018-11-30 13:57:30.434] [sharedprocess] [info] Scanned user extensions: 6
[2018-11-30 14:02:30.442] [sharedprocess] [info] Scanned user extensions: 6
[2018-11-30 14:07:30.455] [sharedprocess] [info] Scanned user extensions: 6
[2018-11-30 14:12:30.472] [sharedprocess] [info] Scanned user extensions: 6
[2018-11-30 14:17:30.491] [sharedprocess] [info] Scanned user extensions: 6
[2018-11-30 14:22:30.499] [sharedprocess] [info] Scanned user extensions: 6
[2018-11-30 14:27:30.510] [sharedprocess] [info] Scanned user extensions: 6
[2018-11-30 14:32:30.526] [sharedprocess] [info] Scanned user extensions: 6
[2018-11-30 14:37:30.544] [sharedprocess] [info] Scanned user extensions: 6
[2018-11-30 14:42:30.555] [sharedprocess] [info] Scanned user extensions: 6
[2018-11-30 14:47:30.566] [sharedprocess] [info] Scanned user extensions: 6
[2018-11-30 14:52:30.584] [sharedprocess] [info] Scanned user extensions: 6
[2018-11-30 14:57:30.593] [sharedprocess] [info] Scanned user extensions: 6
[2018-11-30 15:02:30.608] [sharedprocess] [info] Scanned user extensions: 6
[2018-11-30 15:07:30.621] [sharedprocess] [info] Scanned user extensions: 6
[2018-11-30 15:12:30.633] [sharedprocess] [info] Scanned user extensions: 6
[2018-11-30 15:17:30.642] [sharedprocess] [info] Scanned user extensions: 6
[2018-11-30 15:22:30.655] [sharedprocess] [info] Scanned user extensions: 6
[2018-11-30 15:27:30.666] [sharedprocess] [info] Scanned user extensions: 6
[2018-11-30 15:32:30.685] [sharedprocess] [info] Scanned user extensions: 6
[2018-11-30 15:37:30.698] [sharedprocess] [info] Scanned user extensions: 6
[2018-11-30 15:42:30.713] [sharedprocess] [info] Scanned user extensions: 6
[2018-11-30 15:47:30.719] [sharedprocess] [info] Scanned user extensions: 6
[2018-11-30 15:52:30.914] [sharedprocess] [info] Scanned user extensions: 6
[2018-11-30 15:57:30.994] [sharedprocess] [info] Scanned user extensions: 6
[2018-11-30 16:02:31.005] [sharedprocess] [info] Scanned user extensions: 6
[2018-11-30 16:07:31.056] [sharedprocess] [info] Scanned user extensions: 6
