[2018-12-05 18:35:25.054] [exthost1] [info] extension host started
[2018-12-05 18:35:25.305] [exthost1] [info] extension host started
[2018-12-05 18:35:25.330] [exthost1] [info] ExtensionService#_doActivateExtension vscode.debug-auto-launch {"startup":true,"activationEvent":"*"}
[2018-12-05 18:35:25.330] [exthost1] [info] ExtensionService#loadCommonJSModule /home/del/.codemix/engine/resources/app/extensions/debug-auto-launch/out/extension
[2018-12-05 18:35:25.338] [exthost1] [info] ExtensionService#_doActivateExtension vscode.emmet {"startup":true,"activationEvent":"*"}
[2018-12-05 18:35:25.338] [exthost1] [info] ExtensionService#loadCommonJSModule /home/del/.codemix/engine/resources/app/extensions/emmet/dist/extension
[2018-12-05 18:35:25.384] [exthost1] [info] ExtensionService#_doActivateExtension vscode.merge-conflict {"startup":true,"activationEvent":"*"}
[2018-12-05 18:35:25.384] [exthost1] [info] ExtensionService#loadCommonJSModule /home/del/.codemix/engine/resources/app/extensions/merge-conflict/out/extension
[2018-12-05 18:35:25.396] [exthost1] [info] ExtensionService#_doActivateExtension vscode.search-rg {"startup":true,"activationEvent":"*"}
[2018-12-05 18:35:25.396] [exthost1] [info] ExtensionService#loadCommonJSModule /home/del/.codemix/engine/resources/app/extensions/search-rg/out/extension
[2018-12-05 18:35:25.406] [exthost1] [info] ExtensionService#_doActivateExtension christian-kohler.path-intellisense {"startup":true,"activationEvent":"*"}
[2018-12-05 18:35:25.406] [exthost1] [info] ExtensionService#loadCommonJSModule /home/del/.codemix/extensions/christian-kohler.path-intellisense-1.4.2/out/src/extension
[2018-12-05 18:35:25.428] [exthost1] [info] ExtensionService#_doActivateExtension vscode.configuration-editing {"startup":false,"activationEvent":"onLanguage:jsonc"}
[2018-12-05 18:35:25.428] [exthost1] [info] ExtensionService#loadCommonJSModule /home/del/.codemix/engine/resources/app/extensions/configuration-editing/out/extension
[2018-12-05 18:35:25.439] [exthost1] [info] ExtensionService#_doActivateExtension vscode.json-language-features {"startup":false,"activationEvent":"onLanguage:jsonc"}
[2018-12-05 18:35:25.439] [exthost1] [info] ExtensionService#loadCommonJSModule /home/del/.codemix/engine/resources/app/extensions/json-language-features/client/dist/jsonMain
[2018-12-05 18:35:25.583] [exthost1] [info] ExtensionService#_doActivateExtension vscode.typescript-language-features {"startup":false,"activationEvent":"onLanguage:jsonc"}
[2018-12-05 18:35:25.583] [exthost1] [info] ExtensionService#loadCommonJSModule /home/del/.codemix/engine/resources/app/extensions/typescript-language-features/dist/extension
[2018-12-05 18:35:25.691] [exthost1] [info] ExtensionService#_doActivateExtension vscode.grunt {"startup":false,"activationEvent":"onCommand:workbench.action.tasks.runTask"}
[2018-12-05 18:35:25.692] [exthost1] [info] ExtensionService#loadCommonJSModule /home/del/.codemix/engine/resources/app/extensions/grunt/out/main
[2018-12-05 18:35:25.697] [exthost1] [info] ExtensionService#_doActivateExtension vscode.gulp {"startup":false,"activationEvent":"onCommand:workbench.action.tasks.runTask"}
[2018-12-05 18:35:25.697] [exthost1] [info] ExtensionService#loadCommonJSModule /home/del/.codemix/engine/resources/app/extensions/gulp/out/main
[2018-12-05 18:35:25.705] [exthost1] [info] ExtensionService#_doActivateExtension vscode.jake {"startup":false,"activationEvent":"onCommand:workbench.action.tasks.runTask"}
[2018-12-05 18:35:25.705] [exthost1] [info] ExtensionService#loadCommonJSModule /home/del/.codemix/engine/resources/app/extensions/jake/out/main
[2018-12-05 18:35:25.710] [exthost1] [info] ExtensionService#_doActivateExtension vscode.npm {"startup":false,"activationEvent":"onCommand:workbench.action.tasks.runTask"}
[2018-12-05 18:35:25.710] [exthost1] [info] ExtensionService#loadCommonJSModule /home/del/.codemix/engine/resources/app/extensions/npm/out/main
[2018-12-05 18:35:25.816] [exthost1] [info] eager extensions activated
