[2018-12-05 13:27:38.615] [exthost1] [info] extension host started
[2018-12-05 13:27:38.633] [exthost1] [info] ExtensionService#_doActivateExtension vscode.debug-auto-launch {"startup":true,"activationEvent":"*"}
[2018-12-05 13:27:38.633] [exthost1] [info] ExtensionService#loadCommonJSModule /home/del/.codemix/engine/resources/app/extensions/debug-auto-launch/out/extension
[2018-12-05 13:27:39.070] [exthost1] [info] ExtensionService#_doActivateExtension vscode.emmet {"startup":true,"activationEvent":"*"}
[2018-12-05 13:27:39.070] [exthost1] [info] ExtensionService#loadCommonJSModule /home/del/.codemix/engine/resources/app/extensions/emmet/dist/extension
[2018-12-05 13:27:39.175] [exthost1] [info] ExtensionService#_doActivateExtension vscode.merge-conflict {"startup":true,"activationEvent":"*"}
[2018-12-05 13:27:39.175] [exthost1] [info] ExtensionService#loadCommonJSModule /home/del/.codemix/engine/resources/app/extensions/merge-conflict/out/extension
[2018-12-05 13:27:39.329] [exthost1] [info] ExtensionService#_doActivateExtension vscode.search-rg {"startup":true,"activationEvent":"*"}
[2018-12-05 13:27:39.329] [exthost1] [info] ExtensionService#loadCommonJSModule /home/del/.codemix/engine/resources/app/extensions/search-rg/out/extension
[2018-12-05 13:27:39.768] [exthost1] [info] ExtensionService#_doActivateExtension christian-kohler.path-intellisense {"startup":true,"activationEvent":"*"}
[2018-12-05 13:27:39.768] [exthost1] [info] ExtensionService#loadCommonJSModule /home/del/.codemix/extensions/christian-kohler.path-intellisense-1.4.2/out/src/extension
[2018-12-05 13:27:39.924] [exthost1] [info] eager extensions activated
[2018-12-05 13:27:39.926] [exthost1] [info] ExtensionService#_doActivateExtension vscode.configuration-editing {"startup":false,"activationEvent":"onLanguage:jsonc"}
[2018-12-05 13:27:39.926] [exthost1] [info] ExtensionService#loadCommonJSModule /home/del/.codemix/engine/resources/app/extensions/configuration-editing/out/extension
[2018-12-05 13:27:39.970] [exthost1] [info] ExtensionService#_doActivateExtension vscode.json-language-features {"startup":false,"activationEvent":"onLanguage:jsonc"}
[2018-12-05 13:27:39.970] [exthost1] [info] ExtensionService#loadCommonJSModule /home/del/.codemix/engine/resources/app/extensions/json-language-features/client/dist/jsonMain
[2018-12-05 13:27:40.461] [exthost1] [info] ExtensionService#_doActivateExtension vscode.typescript-language-features {"startup":false,"activationEvent":"onLanguage:jsonc"}
[2018-12-05 13:27:40.461] [exthost1] [info] ExtensionService#loadCommonJSModule /home/del/.codemix/engine/resources/app/extensions/typescript-language-features/dist/extension
[2018-12-05 13:27:40.641] [exthost1] [info] ExtensionService#_doActivateExtension vscode.grunt {"startup":false,"activationEvent":"onCommand:workbench.action.tasks.runTask"}
[2018-12-05 13:27:40.641] [exthost1] [info] ExtensionService#loadCommonJSModule /home/del/.codemix/engine/resources/app/extensions/grunt/out/main
[2018-12-05 13:27:40.663] [exthost1] [info] ExtensionService#_doActivateExtension vscode.gulp {"startup":false,"activationEvent":"onCommand:workbench.action.tasks.runTask"}
[2018-12-05 13:27:40.663] [exthost1] [info] ExtensionService#loadCommonJSModule /home/del/.codemix/engine/resources/app/extensions/gulp/out/main
[2018-12-05 13:27:40.667] [exthost1] [info] ExtensionService#_doActivateExtension vscode.jake {"startup":false,"activationEvent":"onCommand:workbench.action.tasks.runTask"}
[2018-12-05 13:27:40.667] [exthost1] [info] ExtensionService#loadCommonJSModule /home/del/.codemix/engine/resources/app/extensions/jake/out/main
[2018-12-05 13:27:40.671] [exthost1] [info] ExtensionService#_doActivateExtension vscode.npm {"startup":false,"activationEvent":"onCommand:workbench.action.tasks.runTask"}
[2018-12-05 13:27:40.671] [exthost1] [info] ExtensionService#loadCommonJSModule /home/del/.codemix/engine/resources/app/extensions/npm/out/main
[2018-12-05 13:27:39.359] [exthost1] [info] extension host started
[2018-12-05 13:27:39.373] [exthost1] [info] ExtensionService#_doActivateExtension vscode.debug-auto-launch {"startup":true,"activationEvent":"*"}
[2018-12-05 13:27:39.373] [exthost1] [info] ExtensionService#loadCommonJSModule /home/del/.codemix/engine/resources/app/extensions/debug-auto-launch/out/extension
[2018-12-05 13:27:39.377] [exthost1] [info] ExtensionService#_doActivateExtension vscode.emmet {"startup":true,"activationEvent":"*"}
[2018-12-05 13:27:39.377] [exthost1] [info] ExtensionService#loadCommonJSModule /home/del/.codemix/engine/resources/app/extensions/emmet/dist/extension
[2018-12-05 13:27:39.411] [exthost1] [info] ExtensionService#_doActivateExtension vscode.merge-conflict {"startup":true,"activationEvent":"*"}
[2018-12-05 13:27:39.411] [exthost1] [info] ExtensionService#loadCommonJSModule /home/del/.codemix/engine/resources/app/extensions/merge-conflict/out/extension
[2018-12-05 13:27:39.424] [exthost1] [info] ExtensionService#_doActivateExtension vscode.search-rg {"startup":true,"activationEvent":"*"}
[2018-12-05 13:27:39.424] [exthost1] [info] ExtensionService#loadCommonJSModule /home/del/.codemix/engine/resources/app/extensions/search-rg/out/extension
[2018-12-05 13:27:39.768] [exthost1] [info] ExtensionService#_doActivateExtension christian-kohler.path-intellisense {"startup":true,"activationEvent":"*"}
[2018-12-05 13:27:39.768] [exthost1] [info] ExtensionService#loadCommonJSModule /home/del/.codemix/extensions/christian-kohler.path-intellisense-1.4.2/out/src/extension
[2018-12-05 13:27:39.924] [exthost1] [info] ExtensionService#_doActivateExtension vscode.configuration-editing {"startup":false,"activationEvent":"onLanguage:jsonc"}
[2018-12-05 13:27:39.924] [exthost1] [info] ExtensionService#loadCommonJSModule /home/del/.codemix/engine/resources/app/extensions/configuration-editing/out/extension
[2018-12-05 13:27:39.968] [exthost1] [info] ExtensionService#_doActivateExtension vscode.json-language-features {"startup":false,"activationEvent":"onLanguage:jsonc"}
[2018-12-05 13:27:39.968] [exthost1] [info] ExtensionService#loadCommonJSModule /home/del/.codemix/engine/resources/app/extensions/json-language-features/client/dist/jsonMain
[2018-12-05 13:27:40.459] [exthost1] [info] ExtensionService#_doActivateExtension vscode.typescript-language-features {"startup":false,"activationEvent":"onLanguage:jsonc"}
[2018-12-05 13:27:40.459] [exthost1] [info] ExtensionService#loadCommonJSModule /home/del/.codemix/engine/resources/app/extensions/typescript-language-features/dist/extension
[2018-12-05 13:27:40.640] [exthost1] [info] ExtensionService#_doActivateExtension vscode.grunt {"startup":false,"activationEvent":"onCommand:workbench.action.tasks.runTask"}
[2018-12-05 13:27:40.640] [exthost1] [info] ExtensionService#loadCommonJSModule /home/del/.codemix/engine/resources/app/extensions/grunt/out/main
[2018-12-05 13:27:40.663] [exthost1] [info] ExtensionService#_doActivateExtension vscode.gulp {"startup":false,"activationEvent":"onCommand:workbench.action.tasks.runTask"}
[2018-12-05 13:27:40.663] [exthost1] [info] ExtensionService#loadCommonJSModule /home/del/.codemix/engine/resources/app/extensions/gulp/out/main
[2018-12-05 13:27:40.667] [exthost1] [info] ExtensionService#_doActivateExtension vscode.jake {"startup":false,"activationEvent":"onCommand:workbench.action.tasks.runTask"}
[2018-12-05 13:27:40.667] [exthost1] [info] ExtensionService#loadCommonJSModule /home/del/.codemix/engine/resources/app/extensions/jake/out/main
[2018-12-05 13:27:40.671] [exthost1] [info] ExtensionService#_doActivateExtension vscode.npm {"startup":false,"activationEvent":"onCommand:workbench.action.tasks.runTask"}
[2018-12-05 13:27:40.671] [exthost1] [info] ExtensionService#loadCommonJSModule /home/del/.codemix/engine/resources/app/extensions/npm/out/main
[2018-12-05 13:27:40.910] [exthost1] [info] eager extensions activated
