[2018-11-30 18:38:52.826] [exthost1] [info] extension host started
[2018-11-30 18:38:53.278] [exthost1] [info] extension host started
[2018-11-30 18:38:53.301] [exthost1] [info] ExtensionService#_doActivateExtension vscode.debug-auto-launch {"startup":true,"activationEvent":"*"}
[2018-11-30 18:38:53.301] [exthost1] [info] ExtensionService#loadCommonJSModule /home/del/.codemix/engine/resources/app/extensions/debug-auto-launch/out/extension
[2018-11-30 18:38:53.311] [exthost1] [info] ExtensionService#_doActivateExtension vscode.emmet {"startup":true,"activationEvent":"*"}
[2018-11-30 18:38:53.311] [exthost1] [info] ExtensionService#loadCommonJSModule /home/del/.codemix/engine/resources/app/extensions/emmet/dist/extension
[2018-11-30 18:38:53.363] [exthost1] [info] ExtensionService#_doActivateExtension vscode.merge-conflict {"startup":true,"activationEvent":"*"}
[2018-11-30 18:38:53.363] [exthost1] [info] ExtensionService#loadCommonJSModule /home/del/.codemix/engine/resources/app/extensions/merge-conflict/out/extension
[2018-11-30 18:38:53.378] [exthost1] [info] ExtensionService#_doActivateExtension vscode.search-rg {"startup":true,"activationEvent":"*"}
[2018-11-30 18:38:53.378] [exthost1] [info] ExtensionService#loadCommonJSModule /home/del/.codemix/engine/resources/app/extensions/search-rg/out/extension
[2018-11-30 18:38:53.390] [exthost1] [info] ExtensionService#_doActivateExtension christian-kohler.path-intellisense {"startup":true,"activationEvent":"*"}
[2018-11-30 18:38:53.390] [exthost1] [info] ExtensionService#loadCommonJSModule /home/del/.codemix/extensions/christian-kohler.path-intellisense-1.4.2/out/src/extension
[2018-11-30 18:38:53.404] [exthost1] [info] ExtensionService#_doActivateExtension vscode.configuration-editing {"startup":false,"activationEvent":"onLanguage:jsonc"}
[2018-11-30 18:38:53.404] [exthost1] [info] ExtensionService#loadCommonJSModule /home/del/.codemix/engine/resources/app/extensions/configuration-editing/out/extension
[2018-11-30 18:38:53.419] [exthost1] [info] ExtensionService#_doActivateExtension vscode.json-language-features {"startup":false,"activationEvent":"onLanguage:jsonc"}
[2018-11-30 18:38:53.419] [exthost1] [info] ExtensionService#loadCommonJSModule /home/del/.codemix/engine/resources/app/extensions/json-language-features/client/dist/jsonMain
[2018-11-30 18:38:53.531] [exthost1] [info] ExtensionService#_doActivateExtension vscode.typescript-language-features {"startup":false,"activationEvent":"onLanguage:jsonc"}
[2018-11-30 18:38:53.531] [exthost1] [info] ExtensionService#loadCommonJSModule /home/del/.codemix/engine/resources/app/extensions/typescript-language-features/dist/extension
[2018-11-30 18:38:53.621] [exthost1] [info] ExtensionService#_doActivateExtension vscode.grunt {"startup":false,"activationEvent":"onCommand:workbench.action.tasks.runTask"}
[2018-11-30 18:38:53.621] [exthost1] [info] ExtensionService#loadCommonJSModule /home/del/.codemix/engine/resources/app/extensions/grunt/out/main
[2018-11-30 18:38:53.627] [exthost1] [info] ExtensionService#_doActivateExtension vscode.gulp {"startup":false,"activationEvent":"onCommand:workbench.action.tasks.runTask"}
[2018-11-30 18:38:53.627] [exthost1] [info] ExtensionService#loadCommonJSModule /home/del/.codemix/engine/resources/app/extensions/gulp/out/main
[2018-11-30 18:38:53.632] [exthost1] [info] ExtensionService#_doActivateExtension vscode.jake {"startup":false,"activationEvent":"onCommand:workbench.action.tasks.runTask"}
[2018-11-30 18:38:53.632] [exthost1] [info] ExtensionService#loadCommonJSModule /home/del/.codemix/engine/resources/app/extensions/jake/out/main
[2018-11-30 18:38:53.637] [exthost1] [info] ExtensionService#_doActivateExtension vscode.npm {"startup":false,"activationEvent":"onCommand:workbench.action.tasks.runTask"}
[2018-11-30 18:38:53.637] [exthost1] [info] ExtensionService#loadCommonJSModule /home/del/.codemix/engine/resources/app/extensions/npm/out/main
[2018-11-30 18:38:53.714] [exthost1] [info] eager extensions activated
[2018-11-30 18:38:59.075] [exthost1] [info] extension host started
[2018-11-30 18:38:59.091] [exthost1] [info] ExtensionService#_doActivateExtension vscode.debug-auto-launch {"startup":true,"activationEvent":"*"}
[2018-11-30 18:38:59.091] [exthost1] [info] ExtensionService#loadCommonJSModule /home/del/.codemix/engine/resources/app/extensions/debug-auto-launch/out/extension
[2018-11-30 18:38:59.096] [exthost1] [info] ExtensionService#_doActivateExtension vscode.emmet {"startup":true,"activationEvent":"*"}
[2018-11-30 18:38:59.096] [exthost1] [info] ExtensionService#loadCommonJSModule /home/del/.codemix/engine/resources/app/extensions/emmet/dist/extension
[2018-11-30 18:38:59.127] [exthost1] [info] ExtensionService#_doActivateExtension vscode.merge-conflict {"startup":true,"activationEvent":"*"}
[2018-11-30 18:38:59.127] [exthost1] [info] ExtensionService#loadCommonJSModule /home/del/.codemix/engine/resources/app/extensions/merge-conflict/out/extension
[2018-11-30 18:38:59.135] [exthost1] [info] ExtensionService#_doActivateExtension vscode.search-rg {"startup":true,"activationEvent":"*"}
[2018-11-30 18:38:59.135] [exthost1] [info] ExtensionService#loadCommonJSModule /home/del/.codemix/engine/resources/app/extensions/search-rg/out/extension
[2018-11-30 18:38:59.144] [exthost1] [info] ExtensionService#_doActivateExtension christian-kohler.path-intellisense {"startup":true,"activationEvent":"*"}
[2018-11-30 18:38:59.144] [exthost1] [info] ExtensionService#loadCommonJSModule /home/del/.codemix/extensions/christian-kohler.path-intellisense-1.4.2/out/src/extension
[2018-11-30 18:38:59.152] [exthost1] [info] ExtensionService#_doActivateExtension vscode.configuration-editing {"startup":false,"activationEvent":"onLanguage:jsonc"}
[2018-11-30 18:38:59.152] [exthost1] [info] ExtensionService#loadCommonJSModule /home/del/.codemix/engine/resources/app/extensions/configuration-editing/out/extension
[2018-11-30 18:38:59.159] [exthost1] [info] ExtensionService#_doActivateExtension vscode.json-language-features {"startup":false,"activationEvent":"onLanguage:jsonc"}
[2018-11-30 18:38:59.159] [exthost1] [info] ExtensionService#loadCommonJSModule /home/del/.codemix/engine/resources/app/extensions/json-language-features/client/dist/jsonMain
[2018-11-30 18:38:59.237] [exthost1] [info] ExtensionService#_doActivateExtension vscode.typescript-language-features {"startup":false,"activationEvent":"onLanguage:jsonc"}
[2018-11-30 18:38:59.237] [exthost1] [info] ExtensionService#loadCommonJSModule /home/del/.codemix/engine/resources/app/extensions/typescript-language-features/dist/extension
[2018-11-30 18:38:59.304] [exthost1] [info] ExtensionService#_doActivateExtension vscode.grunt {"startup":false,"activationEvent":"onCommand:workbench.action.tasks.runTask"}
[2018-11-30 18:38:59.304] [exthost1] [info] ExtensionService#loadCommonJSModule /home/del/.codemix/engine/resources/app/extensions/grunt/out/main
[2018-11-30 18:38:59.307] [exthost1] [info] ExtensionService#_doActivateExtension vscode.gulp {"startup":false,"activationEvent":"onCommand:workbench.action.tasks.runTask"}
[2018-11-30 18:38:59.307] [exthost1] [info] ExtensionService#loadCommonJSModule /home/del/.codemix/engine/resources/app/extensions/gulp/out/main
[2018-11-30 18:38:59.310] [exthost1] [info] ExtensionService#_doActivateExtension vscode.jake {"startup":false,"activationEvent":"onCommand:workbench.action.tasks.runTask"}
[2018-11-30 18:38:59.310] [exthost1] [info] ExtensionService#loadCommonJSModule /home/del/.codemix/engine/resources/app/extensions/jake/out/main
[2018-11-30 18:38:59.314] [exthost1] [info] ExtensionService#_doActivateExtension vscode.npm {"startup":false,"activationEvent":"onCommand:workbench.action.tasks.runTask"}
[2018-11-30 18:38:59.314] [exthost1] [info] ExtensionService#loadCommonJSModule /home/del/.codemix/engine/resources/app/extensions/npm/out/main
[2018-11-30 18:38:59.384] [exthost1] [info] eager extensions activated
[2018-11-30 18:39:14.866] [exthost1] [info] extension host started
[2018-11-30 18:39:14.893] [exthost1] [info] ExtensionService#_doActivateExtension vscode.debug-auto-launch {"startup":true,"activationEvent":"*"}
[2018-11-30 18:39:14.894] [exthost1] [info] ExtensionService#loadCommonJSModule /home/del/.codemix/engine/resources/app/extensions/debug-auto-launch/out/extension
[2018-11-30 18:39:14.899] [exthost1] [info] ExtensionService#_doActivateExtension vscode.emmet {"startup":true,"activationEvent":"*"}
[2018-11-30 18:39:14.899] [exthost1] [info] ExtensionService#loadCommonJSModule /home/del/.codemix/engine/resources/app/extensions/emmet/dist/extension
[2018-11-30 18:39:14.938] [exthost1] [info] ExtensionService#_doActivateExtension vscode.merge-conflict {"startup":true,"activationEvent":"*"}
[2018-11-30 18:39:14.938] [exthost1] [info] ExtensionService#loadCommonJSModule /home/del/.codemix/engine/resources/app/extensions/merge-conflict/out/extension
[2018-11-30 18:39:14.947] [exthost1] [info] ExtensionService#_doActivateExtension vscode.search-rg {"startup":true,"activationEvent":"*"}
[2018-11-30 18:39:14.947] [exthost1] [info] ExtensionService#loadCommonJSModule /home/del/.codemix/engine/resources/app/extensions/search-rg/out/extension
[2018-11-30 18:39:14.957] [exthost1] [info] ExtensionService#_doActivateExtension christian-kohler.path-intellisense {"startup":true,"activationEvent":"*"}
[2018-11-30 18:39:14.957] [exthost1] [info] ExtensionService#loadCommonJSModule /home/del/.codemix/extensions/christian-kohler.path-intellisense-1.4.2/out/src/extension
[2018-11-30 18:39:14.969] [exthost1] [info] ExtensionService#_doActivateExtension vscode.configuration-editing {"startup":false,"activationEvent":"onLanguage:jsonc"}
[2018-11-30 18:39:14.969] [exthost1] [info] ExtensionService#loadCommonJSModule /home/del/.codemix/engine/resources/app/extensions/configuration-editing/out/extension
[2018-11-30 18:39:14.977] [exthost1] [info] ExtensionService#_doActivateExtension vscode.json-language-features {"startup":false,"activationEvent":"onLanguage:jsonc"}
[2018-11-30 18:39:14.978] [exthost1] [info] ExtensionService#loadCommonJSModule /home/del/.codemix/engine/resources/app/extensions/json-language-features/client/dist/jsonMain
[2018-11-30 18:39:15.085] [exthost1] [info] ExtensionService#_doActivateExtension vscode.typescript-language-features {"startup":false,"activationEvent":"onLanguage:jsonc"}
[2018-11-30 18:39:15.085] [exthost1] [info] ExtensionService#loadCommonJSModule /home/del/.codemix/engine/resources/app/extensions/typescript-language-features/dist/extension
[2018-11-30 18:39:15.185] [exthost1] [info] ExtensionService#_doActivateExtension vscode.grunt {"startup":false,"activationEvent":"onCommand:workbench.action.tasks.runTask"}
[2018-11-30 18:39:15.185] [exthost1] [info] ExtensionService#loadCommonJSModule /home/del/.codemix/engine/resources/app/extensions/grunt/out/main
[2018-11-30 18:39:15.191] [exthost1] [info] ExtensionService#_doActivateExtension vscode.gulp {"startup":false,"activationEvent":"onCommand:workbench.action.tasks.runTask"}
[2018-11-30 18:39:15.191] [exthost1] [info] ExtensionService#loadCommonJSModule /home/del/.codemix/engine/resources/app/extensions/gulp/out/main
[2018-11-30 18:39:15.196] [exthost1] [info] ExtensionService#_doActivateExtension vscode.jake {"startup":false,"activationEvent":"onCommand:workbench.action.tasks.runTask"}
[2018-11-30 18:39:15.196] [exthost1] [info] ExtensionService#loadCommonJSModule /home/del/.codemix/engine/resources/app/extensions/jake/out/main
[2018-11-30 18:39:15.202] [exthost1] [info] ExtensionService#_doActivateExtension vscode.npm {"startup":false,"activationEvent":"onCommand:workbench.action.tasks.runTask"}
[2018-11-30 18:39:15.202] [exthost1] [info] ExtensionService#loadCommonJSModule /home/del/.codemix/engine/resources/app/extensions/npm/out/main
[2018-11-30 18:39:15.294] [exthost1] [info] eager extensions activated
